Rasa process starting
Added 'nlp_spacy' to component cache. Key 'nlp_spacy-en'.
Rasa Core server is up and running on http://localhost:5005
Rasa process starting
Added 'nlp_spacy' to component cache. Key 'nlp_spacy-en'.
Rasa Core server is up and running on http://localhost:5005
Rasa process starting
Added 'nlp_spacy' to component cache. Key 'nlp_spacy-en'.
Rasa Core server is up and running on http://localhost:5005
Rasa process starting
Added 'nlp_spacy' to component cache. Key 'nlp_spacy-en'.
Rasa Core server is up and running on http://localhost:5005
Rasa process starting
Added 'nlp_spacy' to component cache. Key 'nlp_spacy-en'.
Rasa Core server is up and running on http://localhost:5005
Rasa process starting
Added 'nlp_spacy' to component cache. Key 'nlp_spacy-en'.
Rasa Core server is up and running on http://localhost:5005
Rasa process starting
Added 'nlp_spacy' to component cache. Key 'nlp_spacy-en'.
Rasa Core server is up and running on http://localhost:5005
Rasa process starting
Added 'nlp_spacy' to component cache. Key 'nlp_spacy-en'.
Rasa Core server is up and running on http://localhost:5005
Rasa process starting
Added 'nlp_spacy' to component cache. Key 'nlp_spacy-en'.
Rasa Core server is up and running on http://localhost:5005
Rasa process starting
Added 'nlp_spacy' to component cache. Key 'nlp_spacy-en'.
Rasa Core server is up and running on http://localhost:5005
Rasa process starting
Added 'nlp_spacy' to component cache. Key 'nlp_spacy-en'.
Rasa Core server is up and running on http://localhost:5005
Failed to run custom action 'action_restaurant'. Action server responded with a non 200 status code of 500. Make sure your action server properly runs actions and returns a 200 once the action is executed. Error: 500 Server Error: INTERNAL SERVER ERROR for url: http://localhost:5055/webhook
Encountered an exception while running action 'action_restaurant'. Bot will continue, but the actions events are lost. Make sure to fix the exception in your custom code.
Rasa process starting
Added 'nlp_spacy' to component cache. Key 'nlp_spacy-en'.
Rasa Core server is up and running on http://localhost:5005
Failed to run custom action 'action_restaurant'. Action server responded with a non 200 status code of 500. Make sure your action server properly runs actions and returns a 200 once the action is executed. Error: 500 Server Error: INTERNAL SERVER ERROR for url: http://localhost:5055/webhook
Encountered an exception while running action 'action_restaurant'. Bot will continue, but the actions events are lost. Make sure to fix the exception in your custom code.
Rasa process starting
Added 'nlp_spacy' to component cache. Key 'nlp_spacy-en'.
Rasa Core server is up and running on http://localhost:5005
Failed to run custom action 'action_restaurant'. Action server responded with a non 200 status code of 500. Make sure your action server properly runs actions and returns a 200 once the action is executed. Error: 500 Server Error: INTERNAL SERVER ERROR for url: http://localhost:5055/webhook
Encountered an exception while running action 'action_restaurant'. Bot will continue, but the actions events are lost. Make sure to fix the exception in your custom code.
Rasa process starting
Added 'nlp_spacy' to component cache. Key 'nlp_spacy-en'.
Rasa Core server is up and running on http://localhost:5005
Rasa process starting
Added 'nlp_spacy' to component cache. Key 'nlp_spacy-en'.
Rasa Core server is up and running on http://localhost:5005
Rasa process starting
Added 'nlp_spacy' to component cache. Key 'nlp_spacy-en'.
Rasa Core server is up and running on http://localhost:5005
Rasa process starting
Added 'nlp_spacy' to component cache. Key 'nlp_spacy-en'.
Rasa Core server is up and running on http://localhost:5005
Categorical slot 'price' is set to a value ('300 - 700') that is not specified in the domain. Value will be ignored and the slot will behave as if no value is set. Make sure to add all values a categorical slot should store to the domain.
Categorical slot 'price' is set to a value ('300 - 700') that is not specified in the domain. Value will be ignored and the slot will behave as if no value is set. Make sure to add all values a categorical slot should store to the domain.
Categorical slot 'price' is set to a value ('300 - 700') that is not specified in the domain. Value will be ignored and the slot will behave as if no value is set. Make sure to add all values a categorical slot should store to the domain.
Categorical slot 'price' is set to a value ('300 - 700') that is not specified in the domain. Value will be ignored and the slot will behave as if no value is set. Make sure to add all values a categorical slot should store to the domain.
Categorical slot 'price' is set to a value ('300 - 700') that is not specified in the domain. Value will be ignored and the slot will behave as if no value is set. Make sure to add all values a categorical slot should store to the domain.
Categorical slot 'price' is set to a value ('300 - 700') that is not specified in the domain. Value will be ignored and the slot will behave as if no value is set. Make sure to add all values a categorical slot should store to the domain.
Rasa process starting
Added 'nlp_spacy' to component cache. Key 'nlp_spacy-en'.
Rasa Core server is up and running on http://localhost:5005
Categorical slot 'price' is set to a value ('300 - 700') that is not specified in the domain. Value will be ignored and the slot will behave as if no value is set. Make sure to add all values a categorical slot should store to the domain.
Categorical slot 'price' is set to a value ('300 - 700') that is not specified in the domain. Value will be ignored and the slot will behave as if no value is set. Make sure to add all values a categorical slot should store to the domain.
Categorical slot 'price' is set to a value ('300 - 700') that is not specified in the domain. Value will be ignored and the slot will behave as if no value is set. Make sure to add all values a categorical slot should store to the domain.
Categorical slot 'price' is set to a value ('300 - 700') that is not specified in the domain. Value will be ignored and the slot will behave as if no value is set. Make sure to add all values a categorical slot should store to the domain.
Categorical slot 'price' is set to a value ('300 - 700') that is not specified in the domain. Value will be ignored and the slot will behave as if no value is set. Make sure to add all values a categorical slot should store to the domain.
Categorical slot 'price' is set to a value ('300 - 700') that is not specified in the domain. Value will be ignored and the slot will behave as if no value is set. Make sure to add all values a categorical slot should store to the domain.
Rasa process starting
Added 'nlp_spacy' to component cache. Key 'nlp_spacy-en'.
Rasa Core server is up and running on http://localhost:5005
Failed to run custom action 'action_restaurant'. Action server responded with a non 200 status code of 500. Make sure your action server properly runs actions and returns a 200 once the action is executed. Error: 500 Server Error: INTERNAL SERVER ERROR for url: http://localhost:5055/webhook
Encountered an exception while running action 'action_restaurant'. Bot will continue, but the actions events are lost. Make sure to fix the exception in your custom code.
Rasa process starting
Added 'nlp_spacy' to component cache. Key 'nlp_spacy-en'.
Rasa Core server is up and running on http://localhost:5005
Failed to run custom action 'action_restaurant'. Action server responded with a non 200 status code of 500. Make sure your action server properly runs actions and returns a 200 once the action is executed. Error: 500 Server Error: INTERNAL SERVER ERROR for url: http://localhost:5055/webhook
Encountered an exception while running action 'action_restaurant'. Bot will continue, but the actions events are lost. Make sure to fix the exception in your custom code.
Rasa process starting
Added 'nlp_spacy' to component cache. Key 'nlp_spacy-en'.
Rasa Core server is up and running on http://localhost:5005
Failed to run custom action 'action_restaurant'. Action server responded with a non 200 status code of 500. Make sure your action server properly runs actions and returns a 200 once the action is executed. Error: 500 Server Error: INTERNAL SERVER ERROR for url: http://localhost:5055/webhook
Encountered an exception while running action 'action_restaurant'. Bot will continue, but the actions events are lost. Make sure to fix the exception in your custom code.
Failed to run custom action 'action_restaurant'. Action server responded with a non 200 status code of 500. Make sure your action server properly runs actions and returns a 200 once the action is executed. Error: 500 Server Error: INTERNAL SERVER ERROR for url: http://localhost:5055/webhook
Encountered an exception while running action 'action_restaurant'. Bot will continue, but the actions events are lost. Make sure to fix the exception in your custom code.
Rasa process starting
Added 'nlp_spacy' to component cache. Key 'nlp_spacy-en'.
Rasa Core server is up and running on http://localhost:5005
Rasa process starting
Added 'nlp_spacy' to component cache. Key 'nlp_spacy-en'.
Rasa Core server is up and running on http://localhost:5005
Rasa process starting
Added 'nlp_spacy' to component cache. Key 'nlp_spacy-en'.
Rasa Core server is up and running on http://localhost:5005
Rasa process starting
Added 'nlp_spacy' to component cache. Key 'nlp_spacy-en'.
Rasa Core server is up and running on http://localhost:5005
Rasa process starting
Added 'nlp_spacy' to component cache. Key 'nlp_spacy-en'.
Rasa Core server is up and running on http://localhost:5005
Failed to run custom action 'action_check_location'. Couldn't connect to the server at 'http://localhost:5055/webhook'. Is the server running? Error: HTTPConnectionPool(host='localhost', port=5055): Max retries exceeded with url: /webhook (Caused by NewConnectionError('<urllib3.connection.HTTPConnection object at 0x00000242C96C2D30>: Failed to establish a new connection: [WinError 10061] No connection could be made because the target machine actively refused it',))
Encountered an exception while running action 'action_check_location'. Bot will continue, but the actions events are lost. Make sure to fix the exception in your custom code.
Failed to run custom action 'action_restaurant'. Couldn't connect to the server at 'http://localhost:5055/webhook'. Is the server running? Error: HTTPConnectionPool(host='localhost', port=5055): Max retries exceeded with url: /webhook (Caused by NewConnectionError('<urllib3.connection.HTTPConnection object at 0x00000242C98AAC50>: Failed to establish a new connection: [WinError 10061] No connection could be made because the target machine actively refused it',))
Encountered an exception while running action 'action_restaurant'. Bot will continue, but the actions events are lost. Make sure to fix the exception in your custom code.
Failed to run custom action 'action_restaurant'. Action server responded with a non 200 status code of 500. Make sure your action server properly runs actions and returns a 200 once the action is executed. Error: 500 Server Error: INTERNAL SERVER ERROR for url: http://localhost:5055/webhook
Encountered an exception while running action 'action_restaurant'. Bot will continue, but the actions events are lost. Make sure to fix the exception in your custom code.
Failed to run custom action 'action_restaurant'. Action server responded with a non 200 status code of 500. Make sure your action server properly runs actions and returns a 200 once the action is executed. Error: 500 Server Error: INTERNAL SERVER ERROR for url: http://localhost:5055/webhook
Encountered an exception while running action 'action_restaurant'. Bot will continue, but the actions events are lost. Make sure to fix the exception in your custom code.
Rasa process starting
Added 'nlp_spacy' to component cache. Key 'nlp_spacy-en'.
Rasa Core server is up and running on http://localhost:5005
Categorical slot 'price' is set to a value ('655') that is not specified in the domain. Value will be ignored and the slot will behave as if no value is set. Make sure to add all values a categorical slot should store to the domain.
Categorical slot 'price' is set to a value ('655') that is not specified in the domain. Value will be ignored and the slot will behave as if no value is set. Make sure to add all values a categorical slot should store to the domain.
Categorical slot 'price' is set to a value ('655') that is not specified in the domain. Value will be ignored and the slot will behave as if no value is set. Make sure to add all values a categorical slot should store to the domain.
Categorical slot 'price' is set to a value ('655') that is not specified in the domain. Value will be ignored and the slot will behave as if no value is set. Make sure to add all values a categorical slot should store to the domain.
Categorical slot 'price' is set to a value ('655') that is not specified in the domain. Value will be ignored and the slot will behave as if no value is set. Make sure to add all values a categorical slot should store to the domain.
Categorical slot 'price' is set to a value ('655') that is not specified in the domain. Value will be ignored and the slot will behave as if no value is set. Make sure to add all values a categorical slot should store to the domain.
Rasa process starting
Added 'nlp_spacy' to component cache. Key 'nlp_spacy-en'.
Rasa Core server is up and running on http://localhost:5005
Failed to run custom action 'action_restaurant'. Action server responded with a non 200 status code of 500. Make sure your action server properly runs actions and returns a 200 once the action is executed. Error: 500 Server Error: INTERNAL SERVER ERROR for url: http://localhost:5055/webhook
Encountered an exception while running action 'action_restaurant'. Bot will continue, but the actions events are lost. Make sure to fix the exception in your custom code.
Categorical slot 'price' is set to a value ('650') that is not specified in the domain. Value will be ignored and the slot will behave as if no value is set. Make sure to add all values a categorical slot should store to the domain.
Categorical slot 'price' is set to a value ('650') that is not specified in the domain. Value will be ignored and the slot will behave as if no value is set. Make sure to add all values a categorical slot should store to the domain.
Categorical slot 'price' is set to a value ('650') that is not specified in the domain. Value will be ignored and the slot will behave as if no value is set. Make sure to add all values a categorical slot should store to the domain.
Categorical slot 'price' is set to a value ('650') that is not specified in the domain. Value will be ignored and the slot will behave as if no value is set. Make sure to add all values a categorical slot should store to the domain.
Categorical slot 'price' is set to a value ('650') that is not specified in the domain. Value will be ignored and the slot will behave as if no value is set. Make sure to add all values a categorical slot should store to the domain.
Categorical slot 'price' is set to a value ('650') that is not specified in the domain. Value will be ignored and the slot will behave as if no value is set. Make sure to add all values a categorical slot should store to the domain.
Rasa process starting
Added 'nlp_spacy' to component cache. Key 'nlp_spacy-en'.
Rasa Core server is up and running on http://localhost:5005
Categorical slot 'price' is set to a value ('800') that is not specified in the domain. Value will be ignored and the slot will behave as if no value is set. Make sure to add all values a categorical slot should store to the domain.
Categorical slot 'price' is set to a value ('800') that is not specified in the domain. Value will be ignored and the slot will behave as if no value is set. Make sure to add all values a categorical slot should store to the domain.
Categorical slot 'price' is set to a value ('800') that is not specified in the domain. Value will be ignored and the slot will behave as if no value is set. Make sure to add all values a categorical slot should store to the domain.
Categorical slot 'price' is set to a value ('800') that is not specified in the domain. Value will be ignored and the slot will behave as if no value is set. Make sure to add all values a categorical slot should store to the domain.
Categorical slot 'price' is set to a value ('800') that is not specified in the domain. Value will be ignored and the slot will behave as if no value is set. Make sure to add all values a categorical slot should store to the domain.
Categorical slot 'price' is set to a value ('800') that is not specified in the domain. Value will be ignored and the slot will behave as if no value is set. Make sure to add all values a categorical slot should store to the domain.
Rasa process starting
Added 'nlp_spacy' to component cache. Key 'nlp_spacy-en'.
Rasa Core server is up and running on http://localhost:5005
Failed to run custom action 'action_restaurant'. Action server responded with a non 200 status code of 500. Make sure your action server properly runs actions and returns a 200 once the action is executed. Error: 500 Server Error: INTERNAL SERVER ERROR for url: http://localhost:5055/webhook
Encountered an exception while running action 'action_restaurant'. Bot will continue, but the actions events are lost. Make sure to fix the exception in your custom code.
Rasa process starting
Added 'nlp_spacy' to component cache. Key 'nlp_spacy-en'.
Rasa Core server is up and running on http://localhost:5005
Rasa process starting
Added 'nlp_spacy' to component cache. Key 'nlp_spacy-en'.
Rasa Core server is up and running on http://localhost:5005
Rasa process starting
Added 'nlp_spacy' to component cache. Key 'nlp_spacy-en'.
Rasa Core server is up and running on http://localhost:5005
Rasa process starting
Added 'nlp_spacy' to component cache. Key 'nlp_spacy-en'.
Rasa Core server is up and running on http://localhost:5005
Categorical slot 'price' is set to a value ('500') that is not specified in the domain. Value will be ignored and the slot will behave as if no value is set. Make sure to add all values a categorical slot should store to the domain.
Categorical slot 'price' is set to a value ('500') that is not specified in the domain. Value will be ignored and the slot will behave as if no value is set. Make sure to add all values a categorical slot should store to the domain.
Categorical slot 'price' is set to a value ('500') that is not specified in the domain. Value will be ignored and the slot will behave as if no value is set. Make sure to add all values a categorical slot should store to the domain.
Categorical slot 'price' is set to a value ('500') that is not specified in the domain. Value will be ignored and the slot will behave as if no value is set. Make sure to add all values a categorical slot should store to the domain.
Categorical slot 'price' is set to a value ('500') that is not specified in the domain. Value will be ignored and the slot will behave as if no value is set. Make sure to add all values a categorical slot should store to the domain.
Categorical slot 'price' is set to a value ('500') that is not specified in the domain. Value will be ignored and the slot will behave as if no value is set. Make sure to add all values a categorical slot should store to the domain.
Categorical slot 'price' is set to a value ('500') that is not specified in the domain. Value will be ignored and the slot will behave as if no value is set. Make sure to add all values a categorical slot should store to the domain.
Categorical slot 'price' is set to a value ('500') that is not specified in the domain. Value will be ignored and the slot will behave as if no value is set. Make sure to add all values a categorical slot should store to the domain.
Categorical slot 'price' is set to a value ('500') that is not specified in the domain. Value will be ignored and the slot will behave as if no value is set. Make sure to add all values a categorical slot should store to the domain.
Categorical slot 'price' is set to a value ('500') that is not specified in the domain. Value will be ignored and the slot will behave as if no value is set. Make sure to add all values a categorical slot should store to the domain.
Categorical slot 'price' is set to a value ('500') that is not specified in the domain. Value will be ignored and the slot will behave as if no value is set. Make sure to add all values a categorical slot should store to the domain.
Categorical slot 'price' is set to a value ('500') that is not specified in the domain. Value will be ignored and the slot will behave as if no value is set. Make sure to add all values a categorical slot should store to the domain.
Categorical slot 'price' is set to a value ('500') that is not specified in the domain. Value will be ignored and the slot will behave as if no value is set. Make sure to add all values a categorical slot should store to the domain.
Categorical slot 'price' is set to a value ('500') that is not specified in the domain. Value will be ignored and the slot will behave as if no value is set. Make sure to add all values a categorical slot should store to the domain.
Categorical slot 'price' is set to a value ('500') that is not specified in the domain. Value will be ignored and the slot will behave as if no value is set. Make sure to add all values a categorical slot should store to the domain.
Categorical slot 'price' is set to a value ('500') that is not specified in the domain. Value will be ignored and the slot will behave as if no value is set. Make sure to add all values a categorical slot should store to the domain.
Categorical slot 'price' is set to a value ('500') that is not specified in the domain. Value will be ignored and the slot will behave as if no value is set. Make sure to add all values a categorical slot should store to the domain.
Categorical slot 'price' is set to a value ('500') that is not specified in the domain. Value will be ignored and the slot will behave as if no value is set. Make sure to add all values a categorical slot should store to the domain.
Categorical slot 'price' is set to a value ('500') that is not specified in the domain. Value will be ignored and the slot will behave as if no value is set. Make sure to add all values a categorical slot should store to the domain.
Categorical slot 'price' is set to a value ('500') that is not specified in the domain. Value will be ignored and the slot will behave as if no value is set. Make sure to add all values a categorical slot should store to the domain.
Rasa process starting
Added 'nlp_spacy' to component cache. Key 'nlp_spacy-en'.
Rasa Core server is up and running on http://localhost:5005
Categorical slot 'price' is set to a value ('600') that is not specified in the domain. Value will be ignored and the slot will behave as if no value is set. Make sure to add all values a categorical slot should store to the domain.
Categorical slot 'price' is set to a value ('600') that is not specified in the domain. Value will be ignored and the slot will behave as if no value is set. Make sure to add all values a categorical slot should store to the domain.
Categorical slot 'price' is set to a value ('600') that is not specified in the domain. Value will be ignored and the slot will behave as if no value is set. Make sure to add all values a categorical slot should store to the domain.
Categorical slot 'price' is set to a value ('600') that is not specified in the domain. Value will be ignored and the slot will behave as if no value is set. Make sure to add all values a categorical slot should store to the domain.
Categorical slot 'price' is set to a value ('600') that is not specified in the domain. Value will be ignored and the slot will behave as if no value is set. Make sure to add all values a categorical slot should store to the domain.
Categorical slot 'price' is set to a value ('600') that is not specified in the domain. Value will be ignored and the slot will behave as if no value is set. Make sure to add all values a categorical slot should store to the domain.
Categorical slot 'price' is set to a value ('600') that is not specified in the domain. Value will be ignored and the slot will behave as if no value is set. Make sure to add all values a categorical slot should store to the domain.
Categorical slot 'price' is set to a value ('600') that is not specified in the domain. Value will be ignored and the slot will behave as if no value is set. Make sure to add all values a categorical slot should store to the domain.
Categorical slot 'price' is set to a value ('600') that is not specified in the domain. Value will be ignored and the slot will behave as if no value is set. Make sure to add all values a categorical slot should store to the domain.
Categorical slot 'price' is set to a value ('600') that is not specified in the domain. Value will be ignored and the slot will behave as if no value is set. Make sure to add all values a categorical slot should store to the domain.
Categorical slot 'price' is set to a value ('600') that is not specified in the domain. Value will be ignored and the slot will behave as if no value is set. Make sure to add all values a categorical slot should store to the domain.
Categorical slot 'price' is set to a value ('600') that is not specified in the domain. Value will be ignored and the slot will behave as if no value is set. Make sure to add all values a categorical slot should store to the domain.
Categorical slot 'price' is set to a value ('600') that is not specified in the domain. Value will be ignored and the slot will behave as if no value is set. Make sure to add all values a categorical slot should store to the domain.
Categorical slot 'price' is set to a value ('600') that is not specified in the domain. Value will be ignored and the slot will behave as if no value is set. Make sure to add all values a categorical slot should store to the domain.
Categorical slot 'price' is set to a value ('600') that is not specified in the domain. Value will be ignored and the slot will behave as if no value is set. Make sure to add all values a categorical slot should store to the domain.
Categorical slot 'price' is set to a value ('600') that is not specified in the domain. Value will be ignored and the slot will behave as if no value is set. Make sure to add all values a categorical slot should store to the domain.
Categorical slot 'price' is set to a value ('600') that is not specified in the domain. Value will be ignored and the slot will behave as if no value is set. Make sure to add all values a categorical slot should store to the domain.
Categorical slot 'price' is set to a value ('600') that is not specified in the domain. Value will be ignored and the slot will behave as if no value is set. Make sure to add all values a categorical slot should store to the domain.
Categorical slot 'price' is set to a value ('600') that is not specified in the domain. Value will be ignored and the slot will behave as if no value is set. Make sure to add all values a categorical slot should store to the domain.
Categorical slot 'price' is set to a value ('600') that is not specified in the domain. Value will be ignored and the slot will behave as if no value is set. Make sure to add all values a categorical slot should store to the domain.
Categorical slot 'price' is set to a value ('200') that is not specified in the domain. Value will be ignored and the slot will behave as if no value is set. Make sure to add all values a categorical slot should store to the domain.
Categorical slot 'price' is set to a value ('200') that is not specified in the domain. Value will be ignored and the slot will behave as if no value is set. Make sure to add all values a categorical slot should store to the domain.
Categorical slot 'price' is set to a value ('200') that is not specified in the domain. Value will be ignored and the slot will behave as if no value is set. Make sure to add all values a categorical slot should store to the domain.
Categorical slot 'price' is set to a value ('200') that is not specified in the domain. Value will be ignored and the slot will behave as if no value is set. Make sure to add all values a categorical slot should store to the domain.
Categorical slot 'price' is set to a value ('200') that is not specified in the domain. Value will be ignored and the slot will behave as if no value is set. Make sure to add all values a categorical slot should store to the domain.
Categorical slot 'price' is set to a value ('200') that is not specified in the domain. Value will be ignored and the slot will behave as if no value is set. Make sure to add all values a categorical slot should store to the domain.
Categorical slot 'price' is set to a value ('200') that is not specified in the domain. Value will be ignored and the slot will behave as if no value is set. Make sure to add all values a categorical slot should store to the domain.
Categorical slot 'price' is set to a value ('200') that is not specified in the domain. Value will be ignored and the slot will behave as if no value is set. Make sure to add all values a categorical slot should store to the domain.
Categorical slot 'price' is set to a value ('200') that is not specified in the domain. Value will be ignored and the slot will behave as if no value is set. Make sure to add all values a categorical slot should store to the domain.
Categorical slot 'price' is set to a value ('200') that is not specified in the domain. Value will be ignored and the slot will behave as if no value is set. Make sure to add all values a categorical slot should store to the domain.
Categorical slot 'price' is set to a value ('200') that is not specified in the domain. Value will be ignored and the slot will behave as if no value is set. Make sure to add all values a categorical slot should store to the domain.
Categorical slot 'price' is set to a value ('200') that is not specified in the domain. Value will be ignored and the slot will behave as if no value is set. Make sure to add all values a categorical slot should store to the domain.
Categorical slot 'price' is set to a value ('200') that is not specified in the domain. Value will be ignored and the slot will behave as if no value is set. Make sure to add all values a categorical slot should store to the domain.
Categorical slot 'price' is set to a value ('200') that is not specified in the domain. Value will be ignored and the slot will behave as if no value is set. Make sure to add all values a categorical slot should store to the domain.
Categorical slot 'price' is set to a value ('200') that is not specified in the domain. Value will be ignored and the slot will behave as if no value is set. Make sure to add all values a categorical slot should store to the domain.
Categorical slot 'price' is set to a value ('200') that is not specified in the domain. Value will be ignored and the slot will behave as if no value is set. Make sure to add all values a categorical slot should store to the domain.
Categorical slot 'price' is set to a value ('200') that is not specified in the domain. Value will be ignored and the slot will behave as if no value is set. Make sure to add all values a categorical slot should store to the domain.
Categorical slot 'price' is set to a value ('200') that is not specified in the domain. Value will be ignored and the slot will behave as if no value is set. Make sure to add all values a categorical slot should store to the domain.
Categorical slot 'price' is set to a value ('200') that is not specified in the domain. Value will be ignored and the slot will behave as if no value is set. Make sure to add all values a categorical slot should store to the domain.
Categorical slot 'price' is set to a value ('200') that is not specified in the domain. Value will be ignored and the slot will behave as if no value is set. Make sure to add all values a categorical slot should store to the domain.
Rasa process starting
Added 'nlp_spacy' to component cache. Key 'nlp_spacy-en'.
Rasa Core server is up and running on http://localhost:5005
Failed to run custom action 'action_check_location'. Action server responded with a non 200 status code of 500. Make sure your action server properly runs actions and returns a 200 once the action is executed. Error: 500 Server Error: INTERNAL SERVER ERROR for url: http://localhost:5055/webhook
Encountered an exception while running action 'action_check_location'. Bot will continue, but the actions events are lost. Make sure to fix the exception in your custom code.
Rasa process starting
Added 'nlp_spacy' to component cache. Key 'nlp_spacy-en'.
Rasa Core server is up and running on http://localhost:5005
Categorical slot 'price' is set to a value ('950') that is not specified in the domain. Value will be ignored and the slot will behave as if no value is set. Make sure to add all values a categorical slot should store to the domain.
Categorical slot 'price' is set to a value ('950') that is not specified in the domain. Value will be ignored and the slot will behave as if no value is set. Make sure to add all values a categorical slot should store to the domain.
Categorical slot 'price' is set to a value ('950') that is not specified in the domain. Value will be ignored and the slot will behave as if no value is set. Make sure to add all values a categorical slot should store to the domain.
Categorical slot 'price' is set to a value ('950') that is not specified in the domain. Value will be ignored and the slot will behave as if no value is set. Make sure to add all values a categorical slot should store to the domain.
Categorical slot 'price' is set to a value ('950') that is not specified in the domain. Value will be ignored and the slot will behave as if no value is set. Make sure to add all values a categorical slot should store to the domain.
Categorical slot 'price' is set to a value ('950') that is not specified in the domain. Value will be ignored and the slot will behave as if no value is set. Make sure to add all values a categorical slot should store to the domain.
Categorical slot 'price' is set to a value ('950') that is not specified in the domain. Value will be ignored and the slot will behave as if no value is set. Make sure to add all values a categorical slot should store to the domain.
Categorical slot 'price' is set to a value ('950') that is not specified in the domain. Value will be ignored and the slot will behave as if no value is set. Make sure to add all values a categorical slot should store to the domain.
Categorical slot 'price' is set to a value ('950') that is not specified in the domain. Value will be ignored and the slot will behave as if no value is set. Make sure to add all values a categorical slot should store to the domain.
Categorical slot 'price' is set to a value ('950') that is not specified in the domain. Value will be ignored and the slot will behave as if no value is set. Make sure to add all values a categorical slot should store to the domain.
Categorical slot 'price' is set to a value ('950') that is not specified in the domain. Value will be ignored and the slot will behave as if no value is set. Make sure to add all values a categorical slot should store to the domain.
Categorical slot 'price' is set to a value ('950') that is not specified in the domain. Value will be ignored and the slot will behave as if no value is set. Make sure to add all values a categorical slot should store to the domain.
Categorical slot 'price' is set to a value ('950') that is not specified in the domain. Value will be ignored and the slot will behave as if no value is set. Make sure to add all values a categorical slot should store to the domain.
Categorical slot 'price' is set to a value ('950') that is not specified in the domain. Value will be ignored and the slot will behave as if no value is set. Make sure to add all values a categorical slot should store to the domain.
Categorical slot 'price' is set to a value ('950') that is not specified in the domain. Value will be ignored and the slot will behave as if no value is set. Make sure to add all values a categorical slot should store to the domain.
Categorical slot 'price' is set to a value ('950') that is not specified in the domain. Value will be ignored and the slot will behave as if no value is set. Make sure to add all values a categorical slot should store to the domain.
Categorical slot 'price' is set to a value ('950') that is not specified in the domain. Value will be ignored and the slot will behave as if no value is set. Make sure to add all values a categorical slot should store to the domain.
Categorical slot 'price' is set to a value ('950') that is not specified in the domain. Value will be ignored and the slot will behave as if no value is set. Make sure to add all values a categorical slot should store to the domain.
Categorical slot 'price' is set to a value ('950') that is not specified in the domain. Value will be ignored and the slot will behave as if no value is set. Make sure to add all values a categorical slot should store to the domain.
Categorical slot 'price' is set to a value ('950') that is not specified in the domain. Value will be ignored and the slot will behave as if no value is set. Make sure to add all values a categorical slot should store to the domain.
Rasa process starting
Added 'nlp_spacy' to component cache. Key 'nlp_spacy-en'.
Rasa Core server is up and running on http://localhost:5005
Rasa process starting
Added 'nlp_spacy' to component cache. Key 'nlp_spacy-en'.
Rasa Core server is up and running on http://localhost:5005
Failed to run custom action 'action_restaurant'. Action server responded with a non 200 status code of 500. Make sure your action server properly runs actions and returns a 200 once the action is executed. Error: 500 Server Error: INTERNAL SERVER ERROR for url: http://localhost:5055/webhook
Encountered an exception while running action 'action_restaurant'. Bot will continue, but the actions events are lost. Make sure to fix the exception in your custom code.
Failed to run custom action 'email_restaurant_details'. Action server responded with a non 200 status code of 500. Make sure your action server properly runs actions and returns a 200 once the action is executed. Error: 500 Server Error: INTERNAL SERVER ERROR for url: http://localhost:5055/webhook
Encountered an exception while running action 'email_restaurant_details'. Bot will continue, but the actions events are lost. Make sure to fix the exception in your custom code.
Rasa process starting
Added 'nlp_spacy' to component cache. Key 'nlp_spacy-en'.
Rasa Core server is up and running on http://localhost:5005
Rasa process starting
Added 'nlp_spacy' to component cache. Key 'nlp_spacy-en'.
Rasa Core server is up and running on http://localhost:5005
Rasa process starting
Added 'nlp_spacy' to component cache. Key 'nlp_spacy-en'.
Rasa Core server is up and running on http://localhost:5005
Rasa process starting
Added 'nlp_spacy' to component cache. Key 'nlp_spacy-en'.
Rasa Core server is up and running on http://localhost:5005
Rasa process starting
Added 'nlp_spacy' to component cache. Key 'nlp_spacy-en'.
Rasa Core server is up and running on http://localhost:5005
Rasa process starting
Added 'nlp_spacy' to component cache. Key 'nlp_spacy-en'.
Rasa Core server is up and running on http://localhost:5005
Rasa process starting
Added 'nlp_spacy' to component cache. Key 'nlp_spacy-en'.
Available web server routes: 
static                                             OPTIONS, GET, HEAD             /static/[filename]
custom_webhook_CmdlineInput.health                 OPTIONS, GET, HEAD             /webhooks/rest/
custom_webhook_CmdlineInput.receive                OPTIONS, POST                  /webhooks/rest/webhook
Rasa Core server is up and running on http://localhost:5005
Creating a new tracker for id 'default'.
Received user message 'Hi' with intent '{'name': 'greet', 'confidence': 0.9852380204428942}' and entities '[]'
Logged UserUtterance - tracker now has 2 events
Current slot values: 
	cuisine: None
	email: None
	location: None
	location_found: None
	price: None
Current tracker state [None, None, None, {}, {'prev_action_listen': 1.0, 'intent_greet': 1.0}]
There is a memorised next action '7'
There is no active form
Predicted next action using policy_2_MemoizationPolicy
Predicted next action 'utter_greet' with prob 1.00.
Action 'utter_greet' ended with events '[]'
Bot utterance 'BotUttered(text: Hey, How is it going. How May I help you Today, data: {
  "elements": null,
  "buttons": null,
  "attachment": null
})'
Current tracker state [None, None, {}, {'prev_action_listen': 1.0, 'intent_greet': 1.0}, {'intent_greet': 1.0, 'prev_utter_greet': 1.0}]
There is a memorised next action '0'
There is no active form
Predicted next action using policy_2_MemoizationPolicy
Predicted next action 'action_listen' with prob 1.00.
Action 'action_listen' ended with events '[]'
Rasa process starting
Added 'nlp_spacy' to component cache. Key 'nlp_spacy-en'.
Rasa Core server is up and running on http://localhost:5005
Rasa process starting
Added 'nlp_spacy' to component cache. Key 'nlp_spacy-en'.
Rasa Core server is up and running on http://localhost:5005
